Using pre-set license
Built from '2023.2/staging' branch; Version is '2023.2.3f1 (21747dafc6ee) revision 2192509'; Using compiler version '193431935'; Build Type 'Release'
OS: 'Windows 11  (10.0.22621) 64bit Professional' Language: 'en' Physical Memory: 16022 MB
BatchMode: 1, IsHumanControllingUs: 0, StartBugReporterOnCrash: 0, Is64bit: 1, IsPro: 1

COMMAND LINE ARGUMENTS:
C:\Program Files\Unity 2023.2.3f1\Editor\Unity.exe
-adb2
-batchMode
-noUpm
-name
AssetImportWorker1
-projectPath
C:/Users/dansa/Unity Projects/ProgettoNatale
-logFile
Logs/AssetImportWorker1.log
-srvPort
54428
-job-worker-count
5
-background-job-worker-count
8
-asset-garbage-collectors
1
Successfully changed project path to: C:/Users/dansa/Unity Projects/ProgettoNatale
C:/Users/dansa/Unity Projects/ProgettoNatale
[UnityMemory] Configuration Parameters - Can be set up in boot.config
    "memorysetup-bucket-allocator-granularity=16"
    "memorysetup-bucket-allocator-bucket-count=8"
    "memorysetup-bucket-allocator-block-size=33554432"
    "memorysetup-bucket-allocator-block-count=8"
    "memorysetup-main-allocator-block-size=16777216"
    "memorysetup-thread-allocator-block-size=16777216"
    "memorysetup-gfx-main-allocator-block-size=16777216"
    "memorysetup-gfx-thread-allocator-block-size=16777216"
    "memorysetup-cache-allocator-block-size=4194304"
    "memorysetup-typetree-allocator-block-size=2097152"
    "memorysetup-profiler-bucket-allocator-granularity=16"
    "memorysetup-profiler-bucket-allocator-bucket-count=8"
    "memorysetup-profiler-bucket-allocator-block-size=33554432"
    "memorysetup-profiler-bucket-allocator-block-count=8"
    "memorysetup-profiler-allocator-block-size=16777216"
    "memorysetup-profiler-editor-allocator-block-size=1048576"
    "memorysetup-temp-allocator-size-main=16777216"
    "memorysetup-job-temp-allocator-block-size=2097152"
    "memorysetup-job-temp-allocator-block-size-background=1048576"
    "memorysetup-job-temp-allocator-reduction-small-platforms=262144"
    "memorysetup-allocator-temp-initial-block-size-main=262144"
    "memorysetup-allocator-temp-initial-block-size-worker=262144"
    "memorysetup-temp-allocator-size-background-worker=32768"
    "memorysetup-temp-allocator-size-job-worker=262144"
    "memorysetup-temp-allocator-size-preload-manager=33554432"
    "memorysetup-temp-allocator-size-nav-mesh-worker=65536"
    "memorysetup-temp-allocator-size-audio-worker=65536"
    "memorysetup-temp-allocator-size-cloud-worker=32768"
    "memorysetup-temp-allocator-size-gi-baking-worker=262144"
    "memorysetup-temp-allocator-size-gi-baking-worker=262144"
    "memorysetup-temp-allocator-size-gi-baking-worker=262144"
    "memorysetup-temp-allocator-size-gi-baking-worker=262144"
    "memorysetup-temp-allocator-size-gfx=262144"
Player connection [84] Host "[IP] 192.168.1.59 [Port] 0 [Flags] 2 [Guid] 1175971805 [EditorId] 1175971805 [Version] 1048832 [Id] WindowsEditor(7,DESKTOP-23VR3HA) [Debug] 1 [PackageName] WindowsEditor [ProjectName] Editor" joined multi-casting on [225.0.0.222:54997]...
Player connection [84] Host "[IP] 192.168.1.59 [Port] 0 [Flags] 2 [Guid] 1175971805 [EditorId] 1175971805 [Version] 1048832 [Id] WindowsEditor(7,DESKTOP-23VR3HA) [Debug] 1 [PackageName] WindowsEditor [ProjectName] Editor" joined alternative multi-casting on [225.0.0.222:34997]...
JobSystem: Creating JobQueue using job-worker-count value 5
[Physics::Module] Initialized MultithreadedJobDispatcher with 5 workers.
Library Redirect Path: Library/
Refreshing native plugins compatible for Editor in 0.94 ms, found 3 plugins.
Preloading 0 native plugins for Editor in 0.00 ms.
Initialize engine version: 2023.2.3f1 (21747dafc6ee)
[Subsystems] Discovering subsystems at path C:/Program Files/Unity 2023.2.3f1/Editor/Data/Resources/UnitySubsystems
[Subsystems] Discovering subsystems at path C:/Users/dansa/Unity Projects/ProgettoNatale/Assets
GfxDevice: creating device client; kGfxThreadingModeNonThreaded
Direct3D:
    Version:  Direct3D 11.0 [level 11.1]
    Renderer: NVIDIA GeForce RTX 3050 Ti Laptop GPU (ID=0x25a0)
    Vendor:   NVIDIA
    VRAM:     3976 MB
    Driver:   31.0.15.3713
Initialize mono
Mono path[0] = 'C:/Program Files/Unity 2023.2.3f1/Editor/Data/Managed'
Mono path[1] = 'C:/Program Files/Unity 2023.2.3f1/Editor/Data/MonoBleedingEdge/lib/mono/unityjit-win32'
Mono config path = 'C:/Program Files/Unity 2023.2.3f1/Editor/Data/MonoBleedingEdge/etc'
Using monoOptions --debugger-agent=transport=dt_socket,embedding=1,server=y,suspend=n,address=127.0.0.1:56208
Begin MonoManager ReloadAssembly
C:\build\output\Unity-Technologies\mono\mono\metadata\icall.c:1842:
C:\build\output\Unity-Technologies\mono\mono\metadata\icall.c:1842:
C:\build\output\Unity-Technologies\mono\mono\metadata\icall.c:1842:
C:\build\output\Unity-Technologies\mono\mono\metadata\icall.c:1842:
C:\build\output\Unity-Technologies\mono\mono\metadata\icall.c:1842:
C:\build\output\Unity-Technologies\mono\mono\metadata\icall.c:1842:
C:\build\output\Unity-Technologies\mono\mono\metadata\icall.c:1842:
C:\build\output\Unity-Technologies\mono\mono\metadata\icall.c:1842:
C:\build\output\Unity-Technologies\mono\mono\metadata\icall.c:1842:
C:\build\output\Unity-Technologies\mono\mono\metadata\icall.c:1842:
Registering precompiled unity dll's ...
Register platform support module: C:/Program Files/Unity 2023.2.3f1/Editor/Data/PlaybackEngines/WindowsStandaloneSupport/UnityEditor.WindowsStandalone.Extensions.dll
Registered in 0.002901 seconds.
- Loaded All Assemblies, in  0.465 seconds
Native extension for WindowsStandalone target not found
Mono: successfully reloaded assembly
C:\build\output\Unity-Technologies\mono\mono\metadata\icall.c:1842:
C:\build\output\Unity-Technologies\mono\mono\metadata\icall.c:1842:
- Finished resetting the current domain, in  0.345 seconds
Domain Reload Profiling: 807ms
	BeginReloadAssembly (181ms)
		ExecutionOrderSort (0ms)
		DisableScriptedObjects (0ms)
		BackupInstance (0ms)
		ReleaseScriptingObjects (0ms)
		CreateAndSetChildDomain (1ms)
	RebuildCommonClasses (36ms)
	RebuildNativeTypeToScriptingClass (12ms)
	initialDomainReloadingComplete (55ms)
	LoadAllAssembliesAndSetupDomain (179ms)
		LoadAssemblies (179ms)
		RebuildTransferFunctionScriptingTraits (0ms)
		AnalyzeDomain (176ms)
			TypeCache.Refresh (174ms)
				TypeCache.ScanAssembly (159ms)
			BuildScriptInfoCaches (0ms)
			ResolveRequiredComponents (1ms)
	FinalizeReload (345ms)
		ReleaseScriptCaches (0ms)
		RebuildScriptCaches (0ms)
		SetupLoadedEditorAssemblies (293ms)
			LogAssemblyErrors (0ms)
			InitializePlatformSupportModulesInManaged (10ms)
			SetLoadedEditorAssemblies (5ms)
			BeforeProcessingInitializeOnLoad (7ms)
			ProcessInitializeOnLoadAttributes (221ms)
			ProcessInitializeOnLoadMethodAttributes (49ms)
			AfterProcessingInitializeOnLoad (0ms)
			EditorAssembliesLoaded (0ms)
		ExecutionOrderSort2 (0ms)
		AwakeInstancesAfterBackupRestoration (0ms)
========================================================================
Worker process is ready to serve import requests
Import Worker Mode flag is 0x00
Begin MonoManager ReloadAssembly
C:\build\output\Unity-Technologies\mono\mono\metadata\icall.c:1842:
C:\build\output\Unity-Technologies\mono\mono\metadata\icall.c:1842:
C:\build\output\Unity-Technologies\mono\mono\metadata\icall.c:1842:
C:\build\output\Unity-Technologies\mono\mono\metadata\icall.c:1842:
C:\build\output\Unity-Technologies\mono\mono\metadata\icall.c:1842:
C:\build\output\Unity-Technologies\mono\mono\metadata\icall.c:1842:
C:\build\output\Unity-Technologies\mono\mono\metadata\icall.c:1842:
C:\build\output\Unity-Technologies\mono\mono\metadata\icall.c:1842:
C:\build\output\Unity-Technologies\mono\mono\metadata\icall.c:1842:
C:\build\output\Unity-Technologies\mono\mono\metadata\icall.c:1842:
C:\build\output\Unity-Technologies\mono\mono\metadata\icall.c:1842:
C:\build\output\Unity-Technologies\mono\mono\metadata\icall.c:1842:
Symbol file LoadedFromMemory doesn't match image C:\Users\dansa\Unity Projects\ProgettoNatale\Library\PackageCache\com.unity.visualscripting@1.8.0\Editor\VisualScripting.Core\Dependencies\YamlDotNet\Unity.VisualScripting.YamlDotNet.dll
Symbol file LoadedFromMemory doesn't match image C:\Users\dansa\Unity Projects\ProgettoNatale\Library\PackageCache\com.unity.visualscripting@1.8.0\Editor\VisualScripting.Core\Dependencies\DotNetZip\Unity.VisualScripting.IonicZip.dll
- Loaded All Assemblies, in  0.829 seconds
Refreshing native plugins compatible for Editor in 0.53 ms, found 3 plugins.
Native extension for WindowsStandalone target not found
Mono: successfully reloaded assembly
- Finished resetting the current domain, in  0.732 seconds
Domain Reload Profiling: 1559ms
	BeginReloadAssembly (353ms)
		ExecutionOrderSort (0ms)
		DisableScriptedObjects (7ms)
		BackupInstance (0ms)
		ReleaseScriptingObjects (0ms)
		CreateAndSetChildDomain (31ms)
	RebuildCommonClasses (44ms)
	RebuildNativeTypeToScriptingClass (12ms)
	initialDomainReloadingComplete (35ms)
	LoadAllAssembliesAndSetupDomain (383ms)
		LoadAssemblies (300ms)
		RebuildTransferFunctionScriptingTraits (0ms)
		AnalyzeDomain (195ms)
			TypeCache.Refresh (162ms)
				TypeCache.ScanAssembly (144ms)
			BuildScriptInfoCaches (26ms)
			ResolveRequiredComponents (4ms)
	FinalizeReload (733ms)
		ReleaseScriptCaches (0ms)
		RebuildScriptCaches (0ms)
		SetupLoadedEditorAssemblies (544ms)
			LogAssemblyErrors (0ms)
			InitializePlatformSupportModulesInManaged (2ms)
			SetLoadedEditorAssemblies (4ms)
			BeforeProcessingInitializeOnLoad (34ms)
			ProcessInitializeOnLoadAttributes (475ms)
			ProcessInitializeOnLoadMethodAttributes (23ms)
			AfterProcessingInitializeOnLoad (4ms)
			EditorAssembliesLoaded (0ms)
		ExecutionOrderSort2 (0ms)
		AwakeInstancesAfterBackupRestoration (6ms)
Launched and connected shader compiler UnityShaderCompiler.exe after 0.01 seconds
Refreshing native plugins compatible for Editor in 0.68 ms, found 3 plugins.
Preloading 0 native plugins for Editor in 0.00 ms.
Unloading 28 Unused Serialized files (Serialized files now loaded: 0)
Unloading 3174 unused Assets / (1.1 MB). Loaded Objects now: 3770.
Memory consumption went from 131.5 MB to 130.4 MB.
Total: 8.378700 ms (FindLiveObjects: 0.386400 ms CreateObjectMapping: 0.727200 ms MarkObjects: 5.976800 ms  DeleteObjects: 1.286200 ms)

========================================================================
Received Import Request.
  Time since last request: 20424.211563 seconds.
  path: Assets/whenseen.cs
  artifactKey: Guid(efdd3f32a3407dd4384414e12642027a) Importer(815301076,1909f56bfc062723c751e8b465ee728b)
Start importing Assets/whenseen.cs using Guid(efdd3f32a3407dd4384414e12642027a) Importer(815301076,1909f56bfc062723c751e8b465ee728b) (PreviewImporter) -> (artifact id: '509b360a2fbe487fb94fbe1cc4959d08') in 0.0056598 seconds
Number of updated asset objects reloaded before import = 0Number of asset objects unloaded after import = 0

========================================================================
Received Import Request.
  Time since last request: 144.489218 seconds.
  path: Assets/Free Poker Chip Icons/Chips/256/coin-2-256.png
  artifactKey: Guid(bd54b376b4b7c4d0d8ba877d587a82af) Importer(815301076,1909f56bfc062723c751e8b465ee728b)
Start importing Assets/Free Poker Chip Icons/Chips/256/coin-2-256.png using Guid(bd54b376b4b7c4d0d8ba877d587a82af) Importer(815301076,1909f56bfc062723c751e8b465ee728b) (PreviewImporter) -> (artifact id: '4c96e19ae6e310897b7ae6da602e946c') in 0.0843983 seconds
Number of updated asset objects reloaded before import = 0Number of asset objects unloaded after import = 3

========================================================================
Received Import Request.
  Time since last request: 10.498408 seconds.
  path: Assets/Free Poker Chip Icons/Packs/32/pack01-purse2-32.png
  artifactKey: Guid(ae100fe42887a4767a35519e61cc6189) Importer(815301076,1909f56bfc062723c751e8b465ee728b)
Start importing Assets/Free Poker Chip Icons/Packs/32/pack01-purse2-32.png using Guid(ae100fe42887a4767a35519e61cc6189) Importer(815301076,1909f56bfc062723c751e8b465ee728b) (PreviewImporter) -> (artifact id: 'c17df8fb80d28ac56a1f6ac5b06b24dc') in 0.0147589 seconds
Number of updated asset objects reloaded before import = 0Number of asset objects unloaded after import = 3

========================================================================
Received Import Request.
  Time since last request: 0.000707 seconds.
  path: Assets/Free Poker Chip Icons/Packs/32/pack02-bag1-32.png
  artifactKey: Guid(69840d3e4837c4ec6bffd8465586be80) Importer(815301076,1909f56bfc062723c751e8b465ee728b)
Start importing Assets/Free Poker Chip Icons/Packs/32/pack02-bag1-32.png using Guid(69840d3e4837c4ec6bffd8465586be80) Importer(815301076,1909f56bfc062723c751e8b465ee728b) (PreviewImporter) -> (artifact id: '6841a6d8c6e7dfdea3242b59c65b6428') in 0.0132246 seconds
Number of updated asset objects reloaded before import = 0Number of asset objects unloaded after import = 3

========================================================================
Received Import Request.
  Time since last request: 0.002841 seconds.
  path: Assets/Free Poker Chip Icons/Packs/32/pack02-bag3-32.png
  artifactKey: Guid(40431c7ad6f7c4d8b9660d8219f18c69) Importer(815301076,1909f56bfc062723c751e8b465ee728b)
Start importing Assets/Free Poker Chip Icons/Packs/32/pack02-bag3-32.png using Guid(40431c7ad6f7c4d8b9660d8219f18c69) Importer(815301076,1909f56bfc062723c751e8b465ee728b) (PreviewImporter) -> (artifact id: '4ca13c6932ab015952e8dfc9012acc88') in 0.0130914 seconds
Number of updated asset objects reloaded before import = 0Number of asset objects unloaded after import = 3

========================================================================
Received Import Request.
  Time since last request: 0.002252 seconds.
  path: Assets/Free Poker Chip Icons/Packs/32/pack03-bag2-32.png
  artifactKey: Guid(bab6a3f6589f249ecb66bec316517b50) Importer(815301076,1909f56bfc062723c751e8b465ee728b)
Start importing Assets/Free Poker Chip Icons/Packs/32/pack03-bag2-32.png using Guid(bab6a3f6589f249ecb66bec316517b50) Importer(815301076,1909f56bfc062723c751e8b465ee728b) (PreviewImporter) -> (artifact id: '22c4a3d334e53561560d3ff632593ff7') in 0.0124196 seconds
Number of updated asset objects reloaded before import = 0Number of asset objects unloaded after import = 3

========================================================================
Received Import Request.
  Time since last request: 0.003371 seconds.
  path: Assets/Free Poker Chip Icons/Packs/32/pack04-suitcase1-32.png
  artifactKey: Guid(925351dc0a1b74076b36e2b145b8dc0f) Importer(815301076,1909f56bfc062723c751e8b465ee728b)
Start importing Assets/Free Poker Chip Icons/Packs/32/pack04-suitcase1-32.png using Guid(925351dc0a1b74076b36e2b145b8dc0f) Importer(815301076,1909f56bfc062723c751e8b465ee728b) (PreviewImporter) -> (artifact id: '190eb893919603400059434b095f5785') in 0.0127683 seconds
Number of updated asset objects reloaded before import = 0Number of asset objects unloaded after import = 3

========================================================================
Received Import Request.
  Time since last request: 0.002481 seconds.
  path: Assets/Free Poker Chip Icons/Packs/32/pack04-suitcase3-32.png
  artifactKey: Guid(9ba457894ff634b61a251fc3c6efaf66) Importer(815301076,1909f56bfc062723c751e8b465ee728b)
Start importing Assets/Free Poker Chip Icons/Packs/32/pack04-suitcase3-32.png using Guid(9ba457894ff634b61a251fc3c6efaf66) Importer(815301076,1909f56bfc062723c751e8b465ee728b) (PreviewImporter) -> (artifact id: 'a57ff1209d71ae8963c57fb2dbbd1948') in 0.0130264 seconds
Number of updated asset objects reloaded before import = 0Number of asset objects unloaded after import = 3

========================================================================
Received Import Request.
  Time since last request: 0.001804 seconds.
  path: Assets/Free Poker Chip Icons/Packs/32/pack05-chest2-32.png
  artifactKey: Guid(ad77abf1acc11446d90576baa049dff4) Importer(815301076,1909f56bfc062723c751e8b465ee728b)
Start importing Assets/Free Poker Chip Icons/Packs/32/pack05-chest2-32.png using Guid(ad77abf1acc11446d90576baa049dff4) Importer(815301076,1909f56bfc062723c751e8b465ee728b) (PreviewImporter) -> (artifact id: '6f5ee1505d3cd40b9bbc6ccf5800fe3a') in 0.012815 seconds
Number of updated asset objects reloaded before import = 0Number of asset objects unloaded after import = 3

========================================================================
Received Import Request.
  Time since last request: 0.002487 seconds.
  path: Assets/Free Poker Chip Icons/Packs/32/pack06-vault1-32.png
  artifactKey: Guid(108d7b6114f09458899fe4e3240c438a) Importer(815301076,1909f56bfc062723c751e8b465ee728b)
Start importing Assets/Free Poker Chip Icons/Packs/32/pack06-vault1-32.png using Guid(108d7b6114f09458899fe4e3240c438a) Importer(815301076,1909f56bfc062723c751e8b465ee728b) (PreviewImporter) -> (artifact id: '70ec51373db74a53c77459aefa1bd41a') in 0.0121537 seconds
Number of updated asset objects reloaded before import = 0Number of asset objects unloaded after import = 3

========================================================================
Received Import Request.
  Time since last request: 0.002758 seconds.
  path: Assets/Free Poker Chip Icons/Packs/32/pack06-vault3-32.png
  artifactKey: Guid(243c421544eeb40309ea548a2c14fddf) Importer(815301076,1909f56bfc062723c751e8b465ee728b)
Start importing Assets/Free Poker Chip Icons/Packs/32/pack06-vault3-32.png using Guid(243c421544eeb40309ea548a2c14fddf) Importer(815301076,1909f56bfc062723c751e8b465ee728b) (PreviewImporter) -> (artifact id: '3a29ca80fa1968ded3c4ced8e060aab4') in 0.0133124 seconds
Number of updated asset objects reloaded before import = 0Number of asset objects unloaded after import = 3

========================================================================
Received Import Request.
  Time since last request: 7.663534 seconds.
  path: Assets/Free Poker Chip Icons/Packs/256/pack01-purse2-256.png
  artifactKey: Guid(f05287a0e691b4c7ca216ab310bec243) Importer(815301076,1909f56bfc062723c751e8b465ee728b)
Start importing Assets/Free Poker Chip Icons/Packs/256/pack01-purse2-256.png using Guid(f05287a0e691b4c7ca216ab310bec243) Importer(815301076,1909f56bfc062723c751e8b465ee728b) (PreviewImporter) -> (artifact id: '9b83273a453b13f609ece6b2250c8a44') in 0.0176062 seconds
Number of updated asset objects reloaded before import = 0Number of asset objects unloaded after import = 3

========================================================================
Received Import Request.
  Time since last request: 0.000018 seconds.
  path: Assets/Free Poker Chip Icons/Packs/256/pack02-bag1-256.png
  artifactKey: Guid(56d29449674224976b90fb764f18604d) Importer(815301076,1909f56bfc062723c751e8b465ee728b)
Start importing Assets/Free Poker Chip Icons/Packs/256/pack02-bag1-256.png using Guid(56d29449674224976b90fb764f18604d) Importer(815301076,1909f56bfc062723c751e8b465ee728b) (PreviewImporter) -> (artifact id: '64411e0f7999461ea570eb56628e4b74') in 0.0157135 seconds
Number of updated asset objects reloaded before import = 0Number of asset objects unloaded after import = 3

========================================================================
Received Import Request.
  Time since last request: 0.000018 seconds.
  path: Assets/Free Poker Chip Icons/Packs/256/pack02-bag3-256.png
  artifactKey: Guid(81b81b286c9254cb6ae28cf0e51bdd89) Importer(815301076,1909f56bfc062723c751e8b465ee728b)
Start importing Assets/Free Poker Chip Icons/Packs/256/pack02-bag3-256.png using Guid(81b81b286c9254cb6ae28cf0e51bdd89) Importer(815301076,1909f56bfc062723c751e8b465ee728b) (PreviewImporter) -> (artifact id: 'df24093cf2bd512dd63ac4ff6591ba1c') in 0.0163972 seconds
Number of updated asset objects reloaded before import = 0Number of asset objects unloaded after import = 3

========================================================================
Received Import Request.
  Time since last request: 0.000038 seconds.
  path: Assets/Free Poker Chip Icons/Packs/256/pack03-bag2-256.png
  artifactKey: Guid(0aaee96b44a314965a0b9bd90a45501d) Importer(815301076,1909f56bfc062723c751e8b465ee728b)
Start importing Assets/Free Poker Chip Icons/Packs/256/pack03-bag2-256.png using Guid(0aaee96b44a314965a0b9bd90a45501d) Importer(815301076,1909f56bfc062723c751e8b465ee728b) (PreviewImporter) -> (artifact id: 'f1d34249ddb70af4ef1ee8b53f2d1bab') in 0.0165693 seconds
Number of updated asset objects reloaded before import = 0Number of asset objects unloaded after import = 3

========================================================================
Received Import Request.
  Time since last request: 0.000019 seconds.
  path: Assets/Free Poker Chip Icons/Packs/256/pack04-suitcase1-256.png
  artifactKey: Guid(18d754e86312247408e8596ff673d2fb) Importer(815301076,1909f56bfc062723c751e8b465ee728b)
Start importing Assets/Free Poker Chip Icons/Packs/256/pack04-suitcase1-256.png using Guid(18d754e86312247408e8596ff673d2fb) Importer(815301076,1909f56bfc062723c751e8b465ee728b) (PreviewImporter) -> (artifact id: 'bb46105c77cb64b2d1081f5e414b81a6') in 0.015382 seconds
Number of updated asset objects reloaded before import = 0Number of asset objects unloaded after import = 3

========================================================================
Received Import Request.
  Time since last request: 0.000280 seconds.
  path: Assets/Free Poker Chip Icons/Packs/256/pack04-suitcase3-256.png
  artifactKey: Guid(9bff51515e12b408bbed5e818057b278) Importer(815301076,1909f56bfc062723c751e8b465ee728b)
Start importing Assets/Free Poker Chip Icons/Packs/256/pack04-suitcase3-256.png using Guid(9bff51515e12b408bbed5e818057b278) Importer(815301076,1909f56bfc062723c751e8b465ee728b) (PreviewImporter) -> (artifact id: 'e8f079bc1072294767666e549f217bea') in 0.017534 seconds
Number of updated asset objects reloaded before import = 0Number of asset objects unloaded after import = 3

========================================================================
Received Import Request.
  Time since last request: 0.000017 seconds.
  path: Assets/Free Poker Chip Icons/Packs/256/pack05-chest2-256.png
  artifactKey: Guid(8d16d2e8470a44eecaeb4f756be86642) Importer(815301076,1909f56bfc062723c751e8b465ee728b)
Start importing Assets/Free Poker Chip Icons/Packs/256/pack05-chest2-256.png using Guid(8d16d2e8470a44eecaeb4f756be86642) Importer(815301076,1909f56bfc062723c751e8b465ee728b) (PreviewImporter) -> (artifact id: '4f1f857707ea373a12875516f7e4173f') in 0.0158614 seconds
Number of updated asset objects reloaded before import = 0Number of asset objects unloaded after import = 3

========================================================================
Received Import Request.
  Time since last request: 0.000934 seconds.
  path: Assets/Free Poker Chip Icons/Packs/256/pack06-vault1-256.png
  artifactKey: Guid(816d7324ccf7d4a509c44dedb1a70866) Importer(815301076,1909f56bfc062723c751e8b465ee728b)
Start importing Assets/Free Poker Chip Icons/Packs/256/pack06-vault1-256.png using Guid(816d7324ccf7d4a509c44dedb1a70866) Importer(815301076,1909f56bfc062723c751e8b465ee728b) (PreviewImporter) -> (artifact id: 'f001b1fabd38976539982f0a3ca3079e') in 0.0159833 seconds
Number of updated asset objects reloaded before import = 0Number of asset objects unloaded after import = 3

========================================================================
Received Import Request.
  Time since last request: 0.000148 seconds.
  path: Assets/Free Poker Chip Icons/Packs/256/pack06-vault3-256.png
  artifactKey: Guid(191f4a99cfb474804a7378e5914bd8ab) Importer(815301076,1909f56bfc062723c751e8b465ee728b)
Start importing Assets/Free Poker Chip Icons/Packs/256/pack06-vault3-256.png using Guid(191f4a99cfb474804a7378e5914bd8ab) Importer(815301076,1909f56bfc062723c751e8b465ee728b) (PreviewImporter) -> (artifact id: 'cbb1af8f37434732d428e74e5aeaded4') in 0.0175719 seconds
Number of updated asset objects reloaded before import = 0Number of asset objects unloaded after import = 3

========================================================================
Received Import Request.
  Time since last request: 45.443401 seconds.
  path: Assets/TextMesh Pro/Examples & Extras/Resources/Fonts & Materials/LiberationSans SDF - Metalic Green.mat
  artifactKey: Guid(8b29aaa3eec7468097ff07adfcf29ac9) Importer(815301076,1909f56bfc062723c751e8b465ee728b)
Start importing Assets/TextMesh Pro/Examples & Extras/Resources/Fonts & Materials/LiberationSans SDF - Metalic Green.mat using Guid(8b29aaa3eec7468097ff07adfcf29ac9) Importer(815301076,1909f56bfc062723c751e8b465ee728b) (PreviewImporter) -> (artifact id: '3c8b5a513603e24ec3116db4581883b3') in 0.1561275 seconds
Number of updated asset objects reloaded before import = 0Number of asset objects unloaded after import = 4

========================================================================
Received Import Request.
  Time since last request: 25.966905 seconds.
  path: Assets/SubstanceAssets/LittleGamesPack/Prefabs/Individual Pieces/PokerChips/PokerChip_Blue.prefab
  artifactKey: Guid(e1ae2fe72c606dd4c952e57d1a4a9508) Importer(815301076,1909f56bfc062723c751e8b465ee728b)
Start importing Assets/SubstanceAssets/LittleGamesPack/Prefabs/Individual Pieces/PokerChips/PokerChip_Blue.prefab using Guid(e1ae2fe72c606dd4c952e57d1a4a9508) Importer(815301076,1909f56bfc062723c751e8b465ee728b) (PreviewImporter) -> (artifact id: '90d1aeb0183523ca148a750cf009c087') in 0.1829212 seconds
Number of updated asset objects reloaded before import = 0Number of asset objects unloaded after import = 23

========================================================================
Received Import Request.
  Time since last request: 0.000025 seconds.
  path: Assets/SubstanceAssets/LittleGamesPack/Prefabs/Individual Pieces/PokerChips/PokerChip_Red.prefab
  artifactKey: Guid(e1d6ca519cda25b47be1c9c392076934) Importer(815301076,1909f56bfc062723c751e8b465ee728b)
Start importing Assets/SubstanceAssets/LittleGamesPack/Prefabs/Individual Pieces/PokerChips/PokerChip_Red.prefab using Guid(e1d6ca519cda25b47be1c9c392076934) Importer(815301076,1909f56bfc062723c751e8b465ee728b) (PreviewImporter) -> (artifact id: '4e44cd72cb74147a121a21cdbc51fe28') in 0.1293957 seconds
Number of updated asset objects reloaded before import = 0Number of asset objects unloaded after import = 23

========================================================================
Received Prepare
Begin MonoManager ReloadAssembly
C:\build\output\Unity-Technologies\mono\mono\metadata\icall.c:1842:
C:\build\output\Unity-Technologies\mono\mono\metadata\icall.c:1842:
C:\build\output\Unity-Technologies\mono\mono\metadata\icall.c:1842:
C:\build\output\Unity-Technologies\mono\mono\metadata\icall.c:1842:
C:\build\output\Unity-Technologies\mono\mono\metadata\icall.c:1842:
C:\build\output\Unity-Technologies\mono\mono\metadata\icall.c:1842:
C:\build\output\Unity-Technologies\mono\mono\metadata\icall.c:1842:
C:\build\output\Unity-Technologies\mono\mono\metadata\icall.c:1842:
C:\build\output\Unity-Technologies\mono\mono\metadata\icall.c:1842:
C:\build\output\Unity-Technologies\mono\mono\metadata\icall.c:1842:
C:\build\output\Unity-Technologies\mono\mono\metadata\icall.c:1842:
C:\build\output\Unity-Technologies\mono\mono\metadata\icall.c:1842:
Symbol file LoadedFromMemory doesn't match image C:\Users\dansa\Unity Projects\ProgettoNatale\Library\PackageCache\com.unity.visualscripting@1.8.0\Editor\VisualScripting.Core\Dependencies\YamlDotNet\Unity.VisualScripting.YamlDotNet.dll
Symbol file LoadedFromMemory doesn't match image C:\Users\dansa\Unity Projects\ProgettoNatale\Library\PackageCache\com.unity.visualscripting@1.8.0\Editor\VisualScripting.Core\Dependencies\DotNetZip\Unity.VisualScripting.IonicZip.dll
- Loaded All Assemblies, in  0.551 seconds
Refreshing native plugins compatible for Editor in 0.54 ms, found 3 plugins.
Native extension for WindowsStandalone target not found
Mono: successfully reloaded assembly
- Finished resetting the current domain, in  0.799 seconds
Domain Reload Profiling: 1350ms
	BeginReloadAssembly (178ms)
		ExecutionOrderSort (0ms)
		DisableScriptedObjects (4ms)
		BackupInstance (0ms)
		ReleaseScriptingObjects (0ms)
		CreateAndSetChildDomain (46ms)
	RebuildCommonClasses (38ms)
	RebuildNativeTypeToScriptingClass (16ms)
	initialDomainReloadingComplete (21ms)
	LoadAllAssembliesAndSetupDomain (297ms)
		LoadAssemblies (267ms)
		RebuildTransferFunctionScriptingTraits (0ms)
		AnalyzeDomain (123ms)
			TypeCache.Refresh (7ms)
				TypeCache.ScanAssembly (0ms)
			BuildScriptInfoCaches (109ms)
			ResolveRequiredComponents (4ms)
	FinalizeReload (800ms)
		ReleaseScriptCaches (0ms)
		RebuildScriptCaches (0ms)
		SetupLoadedEditorAssemblies (583ms)
			LogAssemblyErrors (0ms)
			InitializePlatformSupportModulesInManaged (2ms)
			SetLoadedEditorAssemblies (4ms)
			BeforeProcessingInitializeOnLoad (40ms)
			ProcessInitializeOnLoadAttributes (511ms)
			ProcessInitializeOnLoadMethodAttributes (21ms)
			AfterProcessingInitializeOnLoad (4ms)
			EditorAssembliesLoaded (0ms)
		ExecutionOrderSort2 (0ms)
		AwakeInstancesAfterBackupRestoration (7ms)
Refreshing native plugins compatible for Editor in 0.67 ms, found 3 plugins.
Preloading 0 native plugins for Editor in 0.00 ms.
Unloading 2 Unused Serialized files (Serialized files now loaded: 0)
Unloading 3172 unused Assets / (1.0 MB). Loaded Objects now: 3817.
Memory consumption went from 128.9 MB to 127.9 MB.
Total: 5.350000 ms (FindLiveObjects: 0.345200 ms CreateObjectMapping: 0.250600 ms MarkObjects: 3.619200 ms  DeleteObjects: 1.133600 ms)

Prepare: number of updated asset objects reloaded= 0
========================================================================
Received Prepare
Begin MonoManager ReloadAssembly
C:\build\output\Unity-Technologies\mono\mono\metadata\icall.c:1842:
C:\build\output\Unity-Technologies\mono\mono\metadata\icall.c:1842:
C:\build\output\Unity-Technologies\mono\mono\metadata\icall.c:1842:
C:\build\output\Unity-Technologies\mono\mono\metadata\icall.c:1842:
C:\build\output\Unity-Technologies\mono\mono\metadata\icall.c:1842:
C:\build\output\Unity-Technologies\mono\mono\metadata\icall.c:1842:
C:\build\output\Unity-Technologies\mono\mono\metadata\icall.c:1842:
C:\build\output\Unity-Technologies\mono\mono\metadata\icall.c:1842:
C:\build\output\Unity-Technologies\mono\mono\metadata\icall.c:1842:
C:\build\output\Unity-Technologies\mono\mono\metadata\icall.c:1842:
C:\build\output\Unity-Technologies\mono\mono\metadata\icall.c:1842:
C:\build\output\Unity-Technologies\mono\mono\metadata\icall.c:1842:
Symbol file LoadedFromMemory doesn't match image C:\Users\dansa\Unity Projects\ProgettoNatale\Library\PackageCache\com.unity.visualscripting@1.8.0\Editor\VisualScripting.Core\Dependencies\YamlDotNet\Unity.VisualScripting.YamlDotNet.dll
Symbol file LoadedFromMemory doesn't match image C:\Users\dansa\Unity Projects\ProgettoNatale\Library\PackageCache\com.unity.visualscripting@1.8.0\Editor\VisualScripting.Core\Dependencies\DotNetZip\Unity.VisualScripting.IonicZip.dll
- Loaded All Assemblies, in  0.505 seconds
Refreshing native plugins compatible for Editor in 0.85 ms, found 3 plugins.
Native extension for WindowsStandalone target not found
Mono: successfully reloaded assembly
- Finished resetting the current domain, in  0.731 seconds
Domain Reload Profiling: 1235ms
	BeginReloadAssembly (168ms)
		ExecutionOrderSort (0ms)
		DisableScriptedObjects (5ms)
		BackupInstance (0ms)
		ReleaseScriptingObjects (0ms)
		CreateAndSetChildDomain (39ms)
	RebuildCommonClasses (32ms)
	RebuildNativeTypeToScriptingClass (11ms)
	initialDomainReloadingComplete (20ms)
	LoadAllAssembliesAndSetupDomain (272ms)
		LoadAssemblies (247ms)
		RebuildTransferFunctionScriptingTraits (0ms)
		AnalyzeDomain (115ms)
			TypeCache.Refresh (6ms)
				TypeCache.ScanAssembly (0ms)
			BuildScriptInfoCaches (103ms)
			ResolveRequiredComponents (4ms)
	FinalizeReload (731ms)
		ReleaseScriptCaches (0ms)
		RebuildScriptCaches (0ms)
		SetupLoadedEditorAssemblies (534ms)
			LogAssemblyErrors (0ms)
			InitializePlatformSupportModulesInManaged (2ms)
			SetLoadedEditorAssemblies (6ms)
			BeforeProcessingInitializeOnLoad (40ms)
			ProcessInitializeOnLoadAttributes (459ms)
			ProcessInitializeOnLoadMethodAttributes (21ms)
			AfterProcessingInitializeOnLoad (5ms)
			EditorAssembliesLoaded (0ms)
		ExecutionOrderSort2 (0ms)
		AwakeInstancesAfterBackupRestoration (8ms)
Refreshing native plugins compatible for Editor in 0.57 ms, found 3 plugins.
Preloading 0 native plugins for Editor in 0.00 ms.
Unloading 2 Unused Serialized files (Serialized files now loaded: 0)
Unloading 3172 unused Assets / (0.9 MB). Loaded Objects now: 3817.
Memory consumption went from 130.8 MB to 129.9 MB.
Total: 5.554800 ms (FindLiveObjects: 0.341500 ms CreateObjectMapping: 0.240400 ms MarkObjects: 4.063400 ms  DeleteObjects: 0.907900 ms)

Prepare: number of updated asset objects reloaded= 0
